[debug] [2020-04-14T19:04:39.938Z] ----------------------------------------------------------------------
[debug] [2020-04-14T19:04:39.961Z] Command:       C:\Program Files\nodejs\node.exe C:\Users\Jerry\Documents\workspace\viro-education-blog\viro-blog\node_modules\firebase-tools\lib\bin\firebase.js deploy
[debug] [2020-04-14T19:04:39.961Z] CLI Version:   7.16.2
[debug] [2020-04-14T19:04:39.961Z] Platform:      win32
[debug] [2020-04-14T19:04:39.962Z] Node Version:  v12.16.2
[debug] [2020-04-14T19:04:40.099Z] Time:          Tue Apr 14 2020 21:04:39 GMT+0200 (South Africa Standard Time)
[debug] [2020-04-14T19:04:40.099Z] ----------------------------------------------------------------------
[debug] [2020-04-14T19:04:40.099Z] 
[debug] [2020-04-14T19:04:40.165Z] > command requires scopes: ["email","openid","https://www.googleapis.com/auth/cloudplatformprojects.readonly","https://www.googleapis.com/auth/firebase","https://www.googleapis.com/auth/cloud-platform"]
[debug] [2020-04-14T19:04:40.166Z] > authorizing via signed-in user
[debug] [2020-04-14T19:04:40.166Z] [iam] checking project viro-blog-40051 for permissions ["datastore.indexes.create","datastore.indexes.delete","datastore.indexes.list","datastore.indexes.update","firebase.projects.get","firebasedatabase.instances.update","firebasehosting.sites.update","firebaserules.releases.create","firebaserules.releases.update","firebaserules.rulesets.create"]
[debug] [2020-04-14T19:04:40.168Z] > refreshing access token with scopes: ["email","https://www.googleapis.com/auth/cloud-platform","https://www.googleapis.com/auth/cloudplatformprojects.readonly","https://www.googleapis.com/auth/firebase","openid"]
[debug] [2020-04-14T19:04:40.169Z] >>> HTTP REQUEST POST https://www.googleapis.com/oauth2/v3/token  
 <request body omitted>
[debug] [2020-04-14T19:04:41.091Z] <<< HTTP RESPONSE 200
[debug] [2020-04-14T19:04:41.179Z] >>> HTTP REQUEST POST https://cloudresourcemanager.googleapis.com/v1/projects/viro-blog-40051:testIamPermissions  

[debug] [2020-04-14T19:04:44.483Z] <<< HTTP RESPONSE 200
[debug] [2020-04-14T19:04:44.485Z] >>> HTTP REQUEST GET https://firebase.googleapis.com/v1beta1/projects/viro-blog-40051  
 
[debug] [2020-04-14T19:04:47.612Z] <<< HTTP RESPONSE 200
[info] 
[info] === Deploying to 'viro-blog-40051'...
[info] 
[info] i  deploying database, storage, firestore, hosting
[info] i  database: checking rules syntax...
[debug] [2020-04-14T19:04:47.841Z] >>> HTTP REQUEST PUT https://viro-blog-40051.firebaseio.com/.settings/rules.json?dryRun=true  
 {
  /* Visit https://firebase.google.com/docs/database/security to learn more about security rules. */
  "rules": {
    ".read": false,
    ".write": false
  }
}
[debug] [2020-04-14T19:04:50.102Z] <<< HTTP RESPONSE 200
[info] +  database: rules syntax for database viro-blog-40051 is valid
[debug] [2020-04-14T19:04:50.106Z] >>> HTTP REQUEST GET https://appengine.googleapis.com/v1/apps/viro-blog-40051  
 
[debug] [2020-04-14T19:04:53.830Z] <<< HTTP RESPONSE 200
[info] i  firebase.storage: checking storage.rules for compilation errors...
[debug] [2020-04-14T19:04:53.885Z] >>> HTTP REQUEST POST https://firebaserules.googleapis.com/v1/projects/viro-blog-40051:test  

[debug] [2020-04-14T19:04:58.026Z] <<< HTTP RESPONSE 200
[warn] !  [W] undefined:undefined - Ruleset uses old version (version [1]). Please update to the latest version (version [2]).
[info] +  firebase.storage: rules file storage.rules compiled successfully
[info] i  firestore: reading indexes from firestore.indexes.json...
[info] i  cloud.firestore: checking firestore.rules for compilation errors...
[debug] [2020-04-14T19:04:58.075Z] >>> HTTP REQUEST POST https://firebaserules.googleapis.com/v1/projects/viro-blog-40051:test  

[debug] [2020-04-14T19:04:59.416Z] <<< HTTP RESPONSE 200
[info] +  cloud.firestore: rules file firestore.rules compiled successfully
[debug] [2020-04-14T19:04:59.418Z] >>> HTTP REQUEST POST https://firebasehosting.googleapis.com/v1beta1/sites/viro-blog-40051/versions  

[debug] [2020-04-14T19:05:15.121Z] Error: socket hang up
    at connResetException (internal/errors.js:608:14)
    at TLSSocket.socketOnEnd (_http_client.js:460:23)
    at TLSSocket.emit (events.js:322:22)
    at TLSSocket.EventEmitter.emit (domain.js:482:12)
    at endReadableNT (_stream_readable.js:1187:12)
    at processTicksAndRejections (internal/process/task_queues.js:84:21)
[error] 
[error] Error: Server Error. socket hang up
